Using pre-set license
Built from '2022.3/staging' branch; Version is '2022.3.33f1 (b2c853adf198) revision 11716691'; Using compiler version '192829333'; Build Type 'Release'
OS: 'Windows 11  (10.0.22000) 64bit Professional' Language: 'zh' Physical Memory: 16237 MB
BatchMode: 1, IsHumanControllingUs: 0, StartBugReporterOnCrash: 0, Is64bit: 1, IsPro: 1

COMMAND LINE ARGUMENTS:
C:\Program Files\Unity 2020.3.33f1\2022.3.33f1\Editor\Unity.exe
-adb2
-batchMode
-noUpm
-name
AssetImportWorker17
-projectPath
E:/local unity project/2D RPG Game
-logFile
Logs/AssetImportWorker17.log
-srvPort
51306
Successfully changed project path to: E:/local unity project/2D RPG Game
E:/local unity project/2D RPG Game
[UnityMemory] Configuration Parameters - Can be set up in boot.config
    "memorysetup-bucket-allocator-granularity=16"
    "memorysetup-bucket-allocator-bucket-count=8"
    "memorysetup-bucket-allocator-block-size=33554432"
    "memorysetup-bucket-allocator-block-count=8"
    "memorysetup-main-allocator-block-size=16777216"
    "memorysetup-thread-allocator-block-size=16777216"
    "memorysetup-gfx-main-allocator-block-size=16777216"
    "memorysetup-gfx-thread-allocator-block-size=16777216"
    "memorysetup-cache-allocator-block-size=4194304"
    "memorysetup-typetree-allocator-block-size=2097152"
    "memorysetup-profiler-bucket-allocator-granularity=16"
    "memorysetup-profiler-bucket-allocator-bucket-count=8"
    "memorysetup-profiler-bucket-allocator-block-size=33554432"
    "memorysetup-profiler-bucket-allocator-block-count=8"
    "memorysetup-profiler-allocator-block-size=16777216"
    "memorysetup-profiler-editor-allocator-block-size=1048576"
    "memorysetup-temp-allocator-size-main=16777216"
    "memorysetup-job-temp-allocator-block-size=2097152"
    "memorysetup-job-temp-allocator-block-size-background=1048576"
    "memorysetup-job-temp-allocator-reduction-small-platforms=262144"
    "memorysetup-allocator-temp-initial-block-size-main=262144"
    "memorysetup-allocator-temp-initial-block-size-worker=262144"
    "memorysetup-temp-allocator-size-background-worker=32768"
    "memorysetup-temp-allocator-size-job-worker=262144"
    "memorysetup-temp-allocator-size-preload-manager=33554432"
    "memorysetup-temp-allocator-size-nav-mesh-worker=65536"
    "memorysetup-temp-allocator-size-audio-worker=65536"
    "memorysetup-temp-allocator-size-cloud-worker=32768"
    "memorysetup-temp-allocator-size-gi-baking-worker=262144"
    "memorysetup-temp-allocator-size-gfx=262144"
Player connection [27244] Host "[IP] 172.18.1.191 [Port] 0 [Flags] 2 [Guid] 2632309091 [EditorId] 2632309091 [Version] 1048832 [Id] WindowsEditor(7,PC-20240613XRQW) [Debug] 1 [PackageName] WindowsEditor [ProjectName] Editor" joined multi-casting on [225.0.0.222:54997]...

Player connection [27244] Host "[IP] 172.18.1.191 [Port] 0 [Flags] 2 [Guid] 2632309091 [EditorId] 2632309091 [Version] 1048832 [Id] WindowsEditor(7,PC-20240613XRQW) [Debug] 1 [PackageName] WindowsEditor [ProjectName] Editor" joined alternative multi-casting on [225.0.0.222:34997]...

[PhysX] Initialized MultithreadedTaskDispatcher with 20 workers.
Refreshing native plugins compatible for Editor in 3.23 ms, found 3 plugins.
Preloading 0 native plugins for Editor in 0.00 ms.
Initialize engine version: 2022.3.33f1 (b2c853adf198)
[Subsystems] Discovering subsystems at path C:/Program Files/Unity 2020.3.33f1/2022.3.33f1/Editor/Data/Resources/UnitySubsystems
[Subsystems] Discovering subsystems at path E:/local unity project/2D RPG Game/Assets
GfxDevice: creating device client; threaded=0; jobified=0
Direct3D:
    Version:  Direct3D 11.0 [level 11.0]
    Renderer: NVIDIA GeForce GT 730 (ID=0x1287)
    Vendor:   NVIDIA
    VRAM:     4063 MB
    Driver:   23.21.13.8871
Initialize mono
Mono path[0] = 'C:/Program Files/Unity 2020.3.33f1/2022.3.33f1/Editor/Data/Managed'
Mono path[1] = 'C:/Program Files/Unity 2020.3.33f1/2022.3.33f1/Editor/Data/MonoBleedingEdge/lib/mono/unityjit-win32'
Mono config path = 'C:/Program Files/Unity 2020.3.33f1/2022.3.33f1/Editor/Data/MonoBleedingEdge/etc'
Using monoOptions --debugger-agent=transport=dt_socket,embedding=1,server=y,suspend=n,address=127.0.0.1:56480
Begin MonoManager ReloadAssembly
Registering precompiled unity dll's ...
Register platform support module: C:/Program Files/Unity 2020.3.33f1/2022.3.33f1/Editor/Data/PlaybackEngines/AndroidPlayer/UnityEditor.Android.Extensions.dll
Register platform support module: C:/Program Files/Unity 2020.3.33f1/2022.3.33f1/Editor/Data/PlaybackEngines/iOSSupport/UnityEditor.iOS.Extensions.dll
Register platform support module: C:/Program Files/Unity 2020.3.33f1/2022.3.33f1/Editor/Data/PlaybackEngines/WindowsStandaloneSupport/UnityEditor.WindowsStandalone.Extensions.dll
Register platform support module: C:/Program Files/Unity 2020.3.33f1/2022.3.33f1/Editor/Data/PlaybackEngines/LinuxStandaloneSupport/UnityEditor.LinuxStandalone.Extensions.dll
Registered in 0.008174 seconds.
- Loaded All Assemblies, in  0.282 seconds
Native extension for LinuxStandalone target not found
Native extension for WindowsStandalone target not found
[usbmuxd] Start listen thread
[usbmuxd] Listen thread started
Native extension for iOS target not found
Native extension for Android target not found
Android Extension - Scanning For ADB Devices 729 ms
Mono: successfully reloaded assembly
- Finished resetting the current domain, in  1.009 seconds
Domain Reload Profiling: 1290ms
	BeginReloadAssembly (85ms)
		ExecutionOrderSort (0ms)
		DisableScriptedObjects (0ms)
		BackupInstance (0ms)
		ReleaseScriptingObjects (0ms)
		CreateAndSetChildDomain (1ms)
	RebuildCommonClasses (24ms)
	RebuildNativeTypeToScriptingClass (8ms)
	initialDomainReloadingComplete (49ms)
	LoadAllAssembliesAndSetupDomain (115ms)
		LoadAssemblies (85ms)
		RebuildTransferFunctionScriptingTraits (0ms)
		AnalyzeDomain (112ms)
			TypeCache.Refresh (111ms)
				TypeCache.ScanAssembly (100ms)
			ScanForSourceGeneratedMonoScriptInfo (0ms)
			ResolveRequiredComponents (0ms)
	FinalizeReload (1009ms)
		ReleaseScriptCaches (0ms)
		RebuildScriptCaches (0ms)
		SetupLoadedEditorAssemblies (964ms)
			LogAssemblyErrors (0ms)
			InitializePlatformSupportModulesInManaged (833ms)
			SetLoadedEditorAssemblies (4ms)
			RefreshPlugins (0ms)
			BeforeProcessingInitializeOnLoad (2ms)
			ProcessInitializeOnLoadAttributes (89ms)
			ProcessInitializeOnLoadMethodAttributes (37ms)
			AfterProcessingInitializeOnLoad (0ms)
			EditorAssembliesLoaded (0ms)
		ExecutionOrderSort2 (0ms)
		AwakeInstancesAfterBackupRestoration (0ms)
========================================================================
Worker process is ready to serve import requests
Begin MonoManager ReloadAssembly
- Loaded All Assemblies, in  0.494 seconds
Refreshing native plugins compatible for Editor in 1.34 ms, found 3 plugins.
Native extension for LinuxStandalone target not found
Native extension for WindowsStandalone target not found
Native extension for iOS target not found
Native extension for Android target not found
Package Manager log level set to [2]
[Package Manager] Server::EnsureServerProcessIsRunning -- launch failed, reason: Unity was launched with the -noUpm command-line argument
[Package Manager] UpmClient::Send -- Unable to send message (not connected to UPM process).
[Package Manager] Cannot connect to Unity Package Manager local server
Mono: successfully reloaded assembly
- Finished resetting the current domain, in  0.560 seconds
Domain Reload Profiling: 1053ms
	BeginReloadAssembly (120ms)
		ExecutionOrderSort (0ms)
		DisableScriptedObjects (4ms)
		BackupInstance (0ms)
		ReleaseScriptingObjects (0ms)
		CreateAndSetChildDomain (21ms)
	RebuildCommonClasses (25ms)
	RebuildNativeTypeToScriptingClass (7ms)
	initialDomainReloadingComplete (30ms)
	LoadAllAssembliesAndSetupDomain (310ms)
		LoadAssemblies (272ms)
		RebuildTransferFunctionScriptingTraits (0ms)
		AnalyzeDomain (108ms)
			TypeCache.Refresh (91ms)
				TypeCache.ScanAssembly (74ms)
			ScanForSourceGeneratedMonoScriptInfo (12ms)
			ResolveRequiredComponents (3ms)
	FinalizeReload (561ms)
		ReleaseScriptCaches (0ms)
		RebuildScriptCaches (0ms)
		SetupLoadedEditorAssemblies (432ms)
			LogAssemblyErrors (0ms)
			InitializePlatformSupportModulesInManaged (28ms)
			SetLoadedEditorAssemblies (4ms)
			RefreshPlugins (0ms)
			BeforeProcessingInitializeOnLoad (65ms)
			ProcessInitializeOnLoadAttributes (302ms)
			ProcessInitializeOnLoadMethodAttributes (28ms)
			AfterProcessingInitializeOnLoad (3ms)
			EditorAssembliesLoaded (0ms)
		ExecutionOrderSort2 (0ms)
		AwakeInstancesAfterBackupRestoration (7ms)
Launched and connected shader compiler UnityShaderCompiler.exe after 0.05 seconds
Refreshing native plugins compatible for Editor in 1.10 ms, found 3 plugins.
Preloading 0 native plugins for Editor in 0.00 ms.
Unloading 2611 Unused Serialized files (Serialized files now loaded: 0)
Unloading 68 unused Assets / (133.0 KB). Loaded Objects now: 3079.
Memory consumption went from 116.0 MB to 115.9 MB.
Total: 3.368400 ms (FindLiveObjects: 0.216700 ms CreateObjectMapping: 0.083200 ms MarkObjects: 2.924500 ms  DeleteObjects: 0.143200 ms)

AssetImportParameters requested are different than current active one (requested -> active):
  custom:video-decoder-webm-vp8: 9c59270c3fd7afecdb556c50c9e8de78 -> 
  custom:SearchIndexIgnoredProperties: e643bd26f0fe6173181afceb89e7c659 -> 
  custom:container-demuxer-ogg: 62fdf1f143b41e24485cea50d1cbac27 -> 
  custom:AudioImporter_EditorPlatform: d09bf68614088b80899f8185d706f6e7 -> 
  custom:video-decoder-ogg-theora: a1e56fd34408186e4bbccfd4996cb3dc -> 
  custom:framework-win-MediaFoundation: 216162199b28c13a410421893ffa2e32 -> 
  custom:video-encoder-webm-vp8: eb34c28f22e8b96e1ab97ce403110664 -> 
  custom:audio-decoder-ogg-vorbis: bf7c407c2cedff20999df2af8eb42d56 -> 
  custom:CustomObjectIndexerAttribute: 9a22284fe3817be447336de3de66b15e -> 
  custom:scripting/monoscript/fileName/OldPlayer.cs: af0f750d97c919432484b200a9121b91 -> 
  custom:container-demuxer-webm: 4f35f7cbe854078d1ac9338744f61a02 -> 
  custom:scripting/monoscript/fileName/PlayerActionEvents.cs: 7eafb1796149fc3cdcfb492ae82f015c -> 
  custom:audio-encoder-webm-vorbis: bf7c407c2cedff20999df2af8eb42d56 -> 
  custom:container-muxer-webm: aa71ff27fc2769a1b78a27578f13a17b -> 
========================================================================
Received Import Request.
  Time since last request: 27151.720230 seconds.
  path: Assets/Graphics/Surroundings/Medieval_Castle/Decorations/Animated Decorations/candelabrum_small/candelabrum_small_2.png
  artifactKey: Guid(6313ae3dba5dd7f47bc1c7b5113785fb) Importer(815301076,1909f56bfc062723c751e8b465ee728b)
Start importing Assets/Graphics/Surroundings/Medieval_Castle/Decorations/Animated Decorations/candelabrum_small/candelabrum_small_2.png using Guid(6313ae3dba5dd7f47bc1c7b5113785fb) Importer(815301076,1909f56bfc062723c751e8b465ee728b) [PhysX] Initialized MultithreadedTaskDispatcher with 20 workers.
[PhysX] Initialized MultithreadedTaskDispatcher with 20 workers.
 -> (artifact id: 'ade629bf00d0812fce79e7bc4eefc07b') in 0.049280 seconds
Number of updated asset objects reloaded before import = 0
Number of asset objects unloaded after import = 3
========================================================================
Received Import Request.
  Time since last request: 0.706339 seconds.
  path: Assets/Graphics/Surroundings/Medieval_Castle/Decorations/Animated Decorations/candelabrum_tall/candelabrum_tall_2.png
  artifactKey: Guid(538aed2d25afdc84c8b4b4a1af936d09) Importer(815301076,1909f56bfc062723c751e8b465ee728b)
Start importing Assets/Graphics/Surroundings/Medieval_Castle/Decorations/Animated Decorations/candelabrum_tall/candelabrum_tall_2.png using Guid(538aed2d25afdc84c8b4b4a1af936d09) Importer(815301076,1909f56bfc062723c751e8b465ee728b) [PhysX] Initialized MultithreadedTaskDispatcher with 20 workers.
[PhysX] Initialized MultithreadedTaskDispatcher with 20 workers.
 -> (artifact id: '6572a3fab5d9f1cbf52a81ce9baf4ec3') in 0.005928 seconds
Number of updated asset objects reloaded before import = 0
Number of asset objects unloaded after import = 3
========================================================================
Received Import Request.
  Time since last request: 0.000013 seconds.
  path: Assets/Graphics/Surroundings/Medieval_Castle/Decorations/Animated Decorations/candelabrum_tall/candelabrum_tall_6.png
  artifactKey: Guid(3974f5f2313e81646945f8bdf76f688d) Importer(815301076,1909f56bfc062723c751e8b465ee728b)
Start importing Assets/Graphics/Surroundings/Medieval_Castle/Decorations/Animated Decorations/candelabrum_tall/candelabrum_tall_6.png using Guid(3974f5f2313e81646945f8bdf76f688d) Importer(815301076,1909f56bfc062723c751e8b465ee728b) [PhysX] Initialized MultithreadedTaskDispatcher with 20 workers.
[PhysX] Initialized MultithreadedTaskDispatcher with 20 workers.
 -> (artifact id: '7fe04a1935db1a99f9cbdcfc023aa749') in 0.007177 seconds
Number of updated asset objects reloaded before import = 0
Number of asset objects unloaded after import = 3
========================================================================
Received Import Request.
  Time since last request: 0.483058 seconds.
  path: Assets/Graphics/Surroundings/Medieval_Castle/Decorations/Animated Decorations/candle_3/candle_3_2.png
  artifactKey: Guid(59ecc005e7179fc44b304c6bfee3201f) Importer(815301076,1909f56bfc062723c751e8b465ee728b)
Start importing Assets/Graphics/Surroundings/Medieval_Castle/Decorations/Animated Decorations/candle_3/candle_3_2.png using Guid(59ecc005e7179fc44b304c6bfee3201f) Importer(815301076,1909f56bfc062723c751e8b465ee728b) [PhysX] Initialized MultithreadedTaskDispatcher with 20 workers.
[PhysX] Initialized MultithreadedTaskDispatcher with 20 workers.
 -> (artifact id: 'b21ce8830ff6f0f11ea55ba9f5a71e37') in 0.012205 seconds
Number of updated asset objects reloaded before import = 0
Number of asset objects unloaded after import = 3
========================================================================
Received Import Request.
  Time since last request: 0.000019 seconds.
  path: Assets/Graphics/Surroundings/Medieval_Castle/Decorations/Animated Decorations/candle_3/candle_3_6.png
  artifactKey: Guid(e66e18021c406cd4aa86a79d446ee37b) Importer(815301076,1909f56bfc062723c751e8b465ee728b)
Start importing Assets/Graphics/Surroundings/Medieval_Castle/Decorations/Animated Decorations/candle_3/candle_3_6.png using Guid(e66e18021c406cd4aa86a79d446ee37b) Importer(815301076,1909f56bfc062723c751e8b465ee728b) [PhysX] Initialized MultithreadedTaskDispatcher with 20 workers.
[PhysX] Initialized MultithreadedTaskDispatcher with 20 workers.
 -> (artifact id: '48c3a0d10e4f1c5c74d00314fec1db1d') in 0.004433 seconds
Number of updated asset objects reloaded before import = 0
Number of asset objects unloaded after import = 3
========================================================================
Received Import Request.
  Time since last request: 0.399149 seconds.
  path: Assets/Graphics/Surroundings/Medieval_Castle/Decorations/Animated Decorations/candle_blue_1/candle_blue_1_2.png
  artifactKey: Guid(e1811edf2cbfac4409e47064dd9a54ef) Importer(815301076,1909f56bfc062723c751e8b465ee728b)
Start importing Assets/Graphics/Surroundings/Medieval_Castle/Decorations/Animated Decorations/candle_blue_1/candle_blue_1_2.png using Guid(e1811edf2cbfac4409e47064dd9a54ef) Importer(815301076,1909f56bfc062723c751e8b465ee728b) [PhysX] Initialized MultithreadedTaskDispatcher with 20 workers.
[PhysX] Initialized MultithreadedTaskDispatcher with 20 workers.
 -> (artifact id: '19c2a6ee354ac653ac17df3e82244059') in 0.008784 seconds
Number of updated asset objects reloaded before import = 0
Number of asset objects unloaded after import = 3
========================================================================
Received Import Request.
  Time since last request: 1.216518 seconds.
  path: Assets/Graphics/Surroundings/Medieval_Castle/Decorations/Animated Decorations/torch_small/torch_small_2.png
  artifactKey: Guid(1f82278853185914cae993f04e536d98) Importer(815301076,1909f56bfc062723c751e8b465ee728b)
Start importing Assets/Graphics/Surroundings/Medieval_Castle/Decorations/Animated Decorations/torch_small/torch_small_2.png using Guid(1f82278853185914cae993f04e536d98) Importer(815301076,1909f56bfc062723c751e8b465ee728b) [PhysX] Initialized MultithreadedTaskDispatcher with 20 workers.
[PhysX] Initialized MultithreadedTaskDispatcher with 20 workers.
 -> (artifact id: '218d646a7f3ffd2fec2e78ddd23063be') in 0.004936 seconds
Number of updated asset objects reloaded before import = 0
Number of asset objects unloaded after import = 3
========================================================================
Received Import Request.
  Time since last request: 0.000018 seconds.
  path: Assets/Graphics/Surroundings/Medieval_Castle/Decorations/Animated Decorations/torch_small/torch_small_6.png
  artifactKey: Guid(7c25ec8605fe1b64caf17d5c6a4a34e4) Importer(815301076,1909f56bfc062723c751e8b465ee728b)
Start importing Assets/Graphics/Surroundings/Medieval_Castle/Decorations/Animated Decorations/torch_small/torch_small_6.png using Guid(7c25ec8605fe1b64caf17d5c6a4a34e4) Importer(815301076,1909f56bfc062723c751e8b465ee728b) [PhysX] Initialized MultithreadedTaskDispatcher with 20 workers.
[PhysX] Initialized MultithreadedTaskDispatcher with 20 workers.
 -> (artifact id: 'f34f098e0ea73a864516aaa91e7f776c') in 0.012447 seconds
Number of updated asset objects reloaded before import = 0
Number of asset objects unloaded after import = 3
========================================================================
Received Import Request.
  Time since last request: 0.421785 seconds.
  path: Assets/Graphics/Surroundings/Medieval_Castle/Decorations/Animated Decorations/torch_small_blue/torch_small_blue_2.png
  artifactKey: Guid(58c97f3975ad09d4386e6e7e0db89518) Importer(815301076,1909f56bfc062723c751e8b465ee728b)
Start importing Assets/Graphics/Surroundings/Medieval_Castle/Decorations/Animated Decorations/torch_small_blue/torch_small_blue_2.png using Guid(58c97f3975ad09d4386e6e7e0db89518) Importer(815301076,1909f56bfc062723c751e8b465ee728b) [PhysX] Initialized MultithreadedTaskDispatcher with 20 workers.
[PhysX] Initialized MultithreadedTaskDispatcher with 20 workers.
 -> (artifact id: 'fcff5a0334cb9cf8e55473448286ffb2') in 0.014688 seconds
Number of updated asset objects reloaded before import = 0
Number of asset objects unloaded after import = 3
========================================================================
Received Import Request.
  Time since last request: 0.404771 seconds.
  path: Assets/Graphics/Surroundings/Medieval_Castle/Decorations/Animated Decorations/torch_big_blue/torch_big_blue_2.png
  artifactKey: Guid(fc15d525200a8c847bcde9735c33565c) Importer(815301076,1909f56bfc062723c751e8b465ee728b)
Start importing Assets/Graphics/Surroundings/Medieval_Castle/Decorations/Animated Decorations/torch_big_blue/torch_big_blue_2.png using Guid(fc15d525200a8c847bcde9735c33565c) Importer(815301076,1909f56bfc062723c751e8b465ee728b) [PhysX] Initialized MultithreadedTaskDispatcher with 20 workers.
[PhysX] Initialized MultithreadedTaskDispatcher with 20 workers.
 -> (artifact id: 'cd12088e6ea32c9c16b4b63710afa9d0') in 0.010828 seconds
Number of updated asset objects reloaded before import = 0
Number of asset objects unloaded after import = 3
========================================================================
Received Import Request.
  Time since last request: 0.000013 seconds.
  path: Assets/Graphics/Surroundings/Medieval_Castle/Decorations/Animated Decorations/torch_big_blue/torch_big_blue_6.png
  artifactKey: Guid(62623cce16cb4e24e9b5ba64315e51d9) Importer(815301076,1909f56bfc062723c751e8b465ee728b)
Start importing Assets/Graphics/Surroundings/Medieval_Castle/Decorations/Animated Decorations/torch_big_blue/torch_big_blue_6.png using Guid(62623cce16cb4e24e9b5ba64315e51d9) Importer(815301076,1909f56bfc062723c751e8b465ee728b) [PhysX] Initialized MultithreadedTaskDispatcher with 20 workers.
[PhysX] Initialized MultithreadedTaskDispatcher with 20 workers.
 -> (artifact id: '4498d95df30373f773ce74605ff74e6e') in 0.007331 seconds
Number of updated asset objects reloaded before import = 0
Number of asset objects unloaded after import = 3
========================================================================
Received Import Request.
  Time since last request: 0.308531 seconds.
  path: Assets/Graphics/Surroundings/Medieval_Castle/Decorations/Animated Decorations/lever_wall/lever_wall_2.png
  artifactKey: Guid(4305e6b01a84dc147ae70a2eb3b45bf4) Importer(815301076,1909f56bfc062723c751e8b465ee728b)
Start importing Assets/Graphics/Surroundings/Medieval_Castle/Decorations/Animated Decorations/lever_wall/lever_wall_2.png using Guid(4305e6b01a84dc147ae70a2eb3b45bf4) Importer(815301076,1909f56bfc062723c751e8b465ee728b) [PhysX] Initialized MultithreadedTaskDispatcher with 20 workers.
[PhysX] Initialized MultithreadedTaskDispatcher with 20 workers.
 -> (artifact id: '130c0da11b603c774a0d4a8632c83462') in 0.009476 seconds
Number of updated asset objects reloaded before import = 0
Number of asset objects unloaded after import = 3
========================================================================
Received Import Request.
  Time since last request: 0.000016 seconds.
  path: Assets/Graphics/Surroundings/Medieval_Castle/Decorations/Animated Decorations/lever_wall/lever_wall_5.png
  artifactKey: Guid(e49db476b6eb4624a82e6f8945923073) Importer(815301076,1909f56bfc062723c751e8b465ee728b)
Start importing Assets/Graphics/Surroundings/Medieval_Castle/Decorations/Animated Decorations/lever_wall/lever_wall_5.png using Guid(e49db476b6eb4624a82e6f8945923073) Importer(815301076,1909f56bfc062723c751e8b465ee728b) [PhysX] Initialized MultithreadedTaskDispatcher with 20 workers.
[PhysX] Initialized MultithreadedTaskDispatcher with 20 workers.
 -> (artifact id: 'ce98b8599982979d33b11a57b68bcc08') in 0.005590 seconds
Number of updated asset objects reloaded before import = 0
Number of asset objects unloaded after import = 3
========================================================================
Received Import Request.
  Time since last request: 0.920875 seconds.
  path: Assets/Graphics/Surroundings/Medieval_Castle/Decorations/Animated Decorations/candle_1/candle_1_2.png
  artifactKey: Guid(ef7b7a74009e4aa439b72f3995be2131) Importer(815301076,1909f56bfc062723c751e8b465ee728b)
Start importing Assets/Graphics/Surroundings/Medieval_Castle/Decorations/Animated Decorations/candle_1/candle_1_2.png using Guid(ef7b7a74009e4aa439b72f3995be2131) Importer(815301076,1909f56bfc062723c751e8b465ee728b) [PhysX] Initialized MultithreadedTaskDispatcher with 20 workers.
[PhysX] Initialized MultithreadedTaskDispatcher with 20 workers.
 -> (artifact id: '3bb7cd19baec2492907df3927a4a6c71') in 0.013511 seconds
Number of updated asset objects reloaded before import = 0
Number of asset objects unloaded after import = 3
========================================================================
Received Import Request.
  Time since last request: 0.591201 seconds.
  path: Assets/Graphics/Surroundings/Medieval_Castle/Decorations/Animated Decorations/candle_blue_3/candle_blue_3_2.png
  artifactKey: Guid(9a68d7c2fbd606e4bb3c2f21f06761fb) Importer(815301076,1909f56bfc062723c751e8b465ee728b)
Start importing Assets/Graphics/Surroundings/Medieval_Castle/Decorations/Animated Decorations/candle_blue_3/candle_blue_3_2.png using Guid(9a68d7c2fbd606e4bb3c2f21f06761fb) Importer(815301076,1909f56bfc062723c751e8b465ee728b) [PhysX] Initialized MultithreadedTaskDispatcher with 20 workers.
[PhysX] Initialized MultithreadedTaskDispatcher with 20 workers.
 -> (artifact id: '87669830339c1a974e93be7378710c7f') in 0.004887 seconds
Number of updated asset objects reloaded before import = 0
Number of asset objects unloaded after import = 3
========================================================================
Received Import Request.
  Time since last request: 0.000016 seconds.
  path: Assets/Graphics/Surroundings/Medieval_Castle/Decorations/Animated Decorations/candle_blue_3/candle_blue_3_5.png
  artifactKey: Guid(8fb6b46677685884c907ca8b601e87f9) Importer(815301076,1909f56bfc062723c751e8b465ee728b)
Start importing Assets/Graphics/Surroundings/Medieval_Castle/Decorations/Animated Decorations/candle_blue_3/candle_blue_3_5.png using Guid(8fb6b46677685884c907ca8b601e87f9) Importer(815301076,1909f56bfc062723c751e8b465ee728b) [PhysX] Initialized MultithreadedTaskDispatcher with 20 workers.
[PhysX] Initialized MultithreadedTaskDispatcher with 20 workers.
 -> (artifact id: 'b289ffe4f6dbf1df01752a2c335a6a5f') in 0.014081 seconds
Number of updated asset objects reloaded before import = 0
Number of asset objects unloaded after import = 3
========================================================================
Received Import Request.
  Time since last request: 0.277238 seconds.
  path: Assets/Graphics/Surroundings/Medieval_Castle/Decorations/Animated Decorations/lever_floor/lever_floor_2.png
  artifactKey: Guid(78d74c86d9a501a4993d8c08cc554946) Importer(815301076,1909f56bfc062723c751e8b465ee728b)
Start importing Assets/Graphics/Surroundings/Medieval_Castle/Decorations/Animated Decorations/lever_floor/lever_floor_2.png using Guid(78d74c86d9a501a4993d8c08cc554946) Importer(815301076,1909f56bfc062723c751e8b465ee728b) [PhysX] Initialized MultithreadedTaskDispatcher with 20 workers.
[PhysX] Initialized MultithreadedTaskDispatcher with 20 workers.
 -> (artifact id: 'b82bbe30952ecf5e161ceb74e269db39') in 0.006276 seconds
Number of updated asset objects reloaded before import = 0
Number of asset objects unloaded after import = 3
========================================================================
Received Import Request.
  Time since last request: 0.000013 seconds.
  path: Assets/Graphics/Surroundings/Medieval_Castle/Decorations/Animated Decorations/lever_floor/lever_floor_6.png
  artifactKey: Guid(caedb109ad478e449b7e2520d15f5445) Importer(815301076,1909f56bfc062723c751e8b465ee728b)
Start importing Assets/Graphics/Surroundings/Medieval_Castle/Decorations/Animated Decorations/lever_floor/lever_floor_6.png using Guid(caedb109ad478e449b7e2520d15f5445) Importer(815301076,1909f56bfc062723c751e8b465ee728b) [PhysX] Initialized MultithreadedTaskDispatcher with 20 workers.
[PhysX] Initialized MultithreadedTaskDispatcher with 20 workers.
 -> (artifact id: '07e414cf2ec9ac7d177664c603b35204') in 0.004328 seconds
Number of updated asset objects reloaded before import = 0
Number of asset objects unloaded after import = 3
========================================================================
Received Import Request.
  Time since last request: 2.322650 seconds.
  path: Assets/Graphics/Icons/BG 3c.png
  artifactKey: Guid(9c7355b0cb8a5024bba44738f70d9e74) Importer(815301076,1909f56bfc062723c751e8b465ee728b)
Start importing Assets/Graphics/Icons/BG 3c.png using Guid(9c7355b0cb8a5024bba44738f70d9e74) Importer(815301076,1909f56bfc062723c751e8b465ee728b) [PhysX] Initialized MultithreadedTaskDispatcher with 20 workers.
[PhysX] Initialized MultithreadedTaskDispatcher with 20 workers.
 -> (artifact id: 'dde1b7fc75214a4b151f4ed757522eea') in 1.496315 seconds
Number of updated asset objects reloaded before import = 0
Number of asset objects unloaded after import = 370
========================================================================
Received Import Request.
  Time since last request: 3.161753 seconds.
  path: Assets/Graphics/Surroundings/Medieval_Castle/Decorations/bag_1.png
  artifactKey: Guid(9204943f0eacdb74baf3cba4d4bb8f4a) Importer(815301076,1909f56bfc062723c751e8b465ee728b)
Start importing Assets/Graphics/Surroundings/Medieval_Castle/Decorations/bag_1.png using Guid(9204943f0eacdb74baf3cba4d4bb8f4a) Importer(815301076,1909f56bfc062723c751e8b465ee728b) [PhysX] Initialized MultithreadedTaskDispatcher with 20 workers.
[PhysX] Initialized MultithreadedTaskDispatcher with 20 workers.
 -> (artifact id: '76184af0e1ef5009596c95321762bed1') in 0.005709 seconds
Number of updated asset objects reloaded before import = 0
Number of asset objects unloaded after import = 3
========================================================================
Received Import Request.
  Time since last request: 0.000012 seconds.
  path: Assets/Graphics/Surroundings/Medieval_Castle/Decorations/books.png
  artifactKey: Guid(6dafea31fe94dd149a8ce1a0ef196bab) Importer(815301076,1909f56bfc062723c751e8b465ee728b)
Start importing Assets/Graphics/Surroundings/Medieval_Castle/Decorations/books.png using Guid(6dafea31fe94dd149a8ce1a0ef196bab) Importer(815301076,1909f56bfc062723c751e8b465ee728b) [PhysX] Initialized MultithreadedTaskDispatcher with 20 workers.
[PhysX] Initialized MultithreadedTaskDispatcher with 20 workers.
 -> (artifact id: 'ed0136ceb8d176f1c78be778abf3ae35') in 0.007963 seconds
Number of updated asset objects reloaded before import = 0
Number of asset objects unloaded after import = 3
========================================================================
Received Import Request.
  Time since last request: 0.800640 seconds.
  path: Assets/Graphics/Surroundings/Medieval_Castle/Decorations/crate_1_damaged.png
  artifactKey: Guid(aa12eeb1e0526dc4181cbfd349eed568) Importer(815301076,1909f56bfc062723c751e8b465ee728b)
Start importing Assets/Graphics/Surroundings/Medieval_Castle/Decorations/crate_1_damaged.png using Guid(aa12eeb1e0526dc4181cbfd349eed568) Importer(815301076,1909f56bfc062723c751e8b465ee728b) [PhysX] Initialized MultithreadedTaskDispatcher with 20 workers.
[PhysX] Initialized MultithreadedTaskDispatcher with 20 workers.
 -> (artifact id: '2fbb36f09febcefeea528d79faa065cf') in 0.008495 seconds
Number of updated asset objects reloaded before import = 0
Number of asset objects unloaded after import = 3
========================================================================
Received Import Request.
  Time since last request: 0.041353 seconds.
  path: Assets/Graphics/Surroundings/Medieval_Castle/Decorations/crate_2_damaged.png
  artifactKey: Guid(3a74581a34e06c44aab7a1b26f2ea5e3) Importer(815301076,1909f56bfc062723c751e8b465ee728b)
Start importing Assets/Graphics/Surroundings/Medieval_Castle/Decorations/crate_2_damaged.png using Guid(3a74581a34e06c44aab7a1b26f2ea5e3) Importer(815301076,1909f56bfc062723c751e8b465ee728b) [PhysX] Initialized MultithreadedTaskDispatcher with 20 workers.
[PhysX] Initialized MultithreadedTaskDispatcher with 20 workers.
 -> (artifact id: '6e7c139a083644ae2fd981d61471484f') in 0.009353 seconds
Number of updated asset objects reloaded before import = 0
Number of asset objects unloaded after import = 3
========================================================================
Received Import Request.
  Time since last request: 0.521908 seconds.
  path: Assets/Graphics/Surroundings/Medieval_Castle/Decorations/crate_3_damaged.png
  artifactKey: Guid(7c969826663c474488da130737a73252) Importer(815301076,1909f56bfc062723c751e8b465ee728b)
Start importing Assets/Graphics/Surroundings/Medieval_Castle/Decorations/crate_3_damaged.png using Guid(7c969826663c474488da130737a73252) Importer(815301076,1909f56bfc062723c751e8b465ee728b) [PhysX] Initialized MultithreadedTaskDispatcher with 20 workers.
[PhysX] Initialized MultithreadedTaskDispatcher with 20 workers.
 -> (artifact id: '29e963ea873f54c099ff21de60ff3c33') in 0.004217 seconds
Number of updated asset objects reloaded before import = 0
Number of asset objects unloaded after import = 3
========================================================================
Received Import Request.
  Time since last request: 0.035014 seconds.
  path: Assets/Graphics/Surroundings/Medieval_Castle/Decorations/curtain_blue_2.png
  artifactKey: Guid(7ddff0286ba57f146a4c1b0b603d6f06) Importer(815301076,1909f56bfc062723c751e8b465ee728b)
Start importing Assets/Graphics/Surroundings/Medieval_Castle/Decorations/curtain_blue_2.png using Guid(7ddff0286ba57f146a4c1b0b603d6f06) Importer(815301076,1909f56bfc062723c751e8b465ee728b) [PhysX] Initialized MultithreadedTaskDispatcher with 20 workers.
[PhysX] Initialized MultithreadedTaskDispatcher with 20 workers.
 -> (artifact id: '2ed61b74f7b8f45b77cc0a80502537b3') in 0.004645 seconds
Number of updated asset objects reloaded before import = 0
Number of asset objects unloaded after import = 3
========================================================================
Received Import Request.
  Time since last request: 0.018858 seconds.
  path: Assets/Graphics/Surroundings/Medieval_Castle/Decorations/curtain_red_2.png
  artifactKey: Guid(ee0e2cc6160ad904a871d54db2ef0b38) Importer(815301076,1909f56bfc062723c751e8b465ee728b)
Start importing Assets/Graphics/Surroundings/Medieval_Castle/Decorations/curtain_red_2.png using Guid(ee0e2cc6160ad904a871d54db2ef0b38) Importer(815301076,1909f56bfc062723c751e8b465ee728b) [PhysX] Initialized MultithreadedTaskDispatcher with 20 workers.
[PhysX] Initialized MultithreadedTaskDispatcher with 20 workers.
 -> (artifact id: '1cfa1d6c8eb0f517e894de899c729953') in 0.004071 seconds
Number of updated asset objects reloaded before import = 0
Number of asset objects unloaded after import = 3
========================================================================
Received Import Request.
  Time since last request: 0.406948 seconds.
  path: Assets/Graphics/Surroundings/Medieval_Castle/Decorations/flag_blue.png
  artifactKey: Guid(4b4b02c4847c1ff46a4c5f6b4364e1b4) Importer(815301076,1909f56bfc062723c751e8b465ee728b)
Start importing Assets/Graphics/Surroundings/Medieval_Castle/Decorations/flag_blue.png using Guid(4b4b02c4847c1ff46a4c5f6b4364e1b4) Importer(815301076,1909f56bfc062723c751e8b465ee728b) [PhysX] Initialized MultithreadedTaskDispatcher with 20 workers.
[PhysX] Initialized MultithreadedTaskDispatcher with 20 workers.
 -> (artifact id: 'd0df5abc7d3c57d4a2ea7ab4c632b54e') in 0.008387 seconds
Number of updated asset objects reloaded before import = 0
Number of asset objects unloaded after import = 3
========================================================================
Received Import Request.
  Time since last request: 0.033404 seconds.
  path: Assets/Graphics/Surroundings/Medieval_Castle/Decorations/potion_1.png
  artifactKey: Guid(1b99c1f5bba0c3f4ead81c79bd4ceb7c) Importer(815301076,1909f56bfc062723c751e8b465ee728b)
Start importing Assets/Graphics/Surroundings/Medieval_Castle/Decorations/potion_1.png using Guid(1b99c1f5bba0c3f4ead81c79bd4ceb7c) Importer(815301076,1909f56bfc062723c751e8b465ee728b) [PhysX] Initialized MultithreadedTaskDispatcher with 20 workers.
[PhysX] Initialized MultithreadedTaskDispatcher with 20 workers.
 -> (artifact id: '9fc92499e20d5ab2b1c6f740b495af00') in 0.008071 seconds
Number of updated asset objects reloaded before import = 0
Number of asset objects unloaded after import = 3
========================================================================
Received Import Request.
  Time since last request: 0.608647 seconds.
  path: Assets/Graphics/Surroundings/Medieval_Castle/Decorations/potion_3.png
  artifactKey: Guid(5bd68b9bdb08e634f8f7181b4d6cf66b) Importer(815301076,1909f56bfc062723c751e8b465ee728b)
Start importing Assets/Graphics/Surroundings/Medieval_Castle/Decorations/potion_3.png using Guid(5bd68b9bdb08e634f8f7181b4d6cf66b) Importer(815301076,1909f56bfc062723c751e8b465ee728b) [PhysX] Initialized MultithreadedTaskDispatcher with 20 workers.
[PhysX] Initialized MultithreadedTaskDispatcher with 20 workers.
 -> (artifact id: '48f78765bcd0197e6be063fdfc223e86') in 0.012825 seconds
Number of updated asset objects reloaded before import = 0
Number of asset objects unloaded after import = 3
========================================================================
Received Import Request.
  Time since last request: 0.026058 seconds.
  path: Assets/Graphics/Surroundings/Medieval_Castle/Decorations/potions_1.png
  artifactKey: Guid(edc0a89103942e64bbf0aa32a9c01bbb) Importer(815301076,1909f56bfc062723c751e8b465ee728b)
Start importing Assets/Graphics/Surroundings/Medieval_Castle/Decorations/potions_1.png using Guid(edc0a89103942e64bbf0aa32a9c01bbb) Importer(815301076,1909f56bfc062723c751e8b465ee728b) [PhysX] Initialized MultithreadedTaskDispatcher with 20 workers.
[PhysX] Initialized MultithreadedTaskDispatcher with 20 workers.
 -> (artifact id: '6d520424065b8e832f9d3ff1f7666c8e') in 0.005636 seconds
Number of updated asset objects reloaded before import = 0
Number of asset objects unloaded after import = 3
========================================================================
Received Import Request.
  Time since last request: 0.033345 seconds.
  path: Assets/Graphics/Surroundings/Medieval_Castle/Decorations/scroll_1.png
  artifactKey: Guid(83ebc7c4e54136e4eaeb59dbead2abdd) Importer(815301076,1909f56bfc062723c751e8b465ee728b)
Start importing Assets/Graphics/Surroundings/Medieval_Castle/Decorations/scroll_1.png using Guid(83ebc7c4e54136e4eaeb59dbead2abdd) Importer(815301076,1909f56bfc062723c751e8b465ee728b) [PhysX] Initialized MultithreadedTaskDispatcher with 20 workers.
[PhysX] Initialized MultithreadedTaskDispatcher with 20 workers.
 -> (artifact id: '1c4a66c3f23c8a49095ef11df5095af6') in 0.013974 seconds
Number of updated asset objects reloaded before import = 0
Number of asset objects unloaded after import = 3
========================================================================
Received Import Request.
  Time since last request: 15.876030 seconds.
  path: Assets/Graphics/FX/Animation Pack/Hit Effect.png
  artifactKey: Guid(f29cc0d35d242cb4cbfda0d0684f85be) Importer(815301076,1909f56bfc062723c751e8b465ee728b)
Start importing Assets/Graphics/FX/Animation Pack/Hit Effect.png using Guid(f29cc0d35d242cb4cbfda0d0684f85be) Importer(815301076,1909f56bfc062723c751e8b465ee728b) [PhysX] Initialized MultithreadedTaskDispatcher with 20 workers.
[PhysX] Initialized MultithreadedTaskDispatcher with 20 workers.
 -> (artifact id: '8914d8a5e529c20875d0639e4110f913') in 0.013665 seconds
Number of updated asset objects reloaded before import = 0
Number of asset objects unloaded after import = 3
========================================================================
Received Import Request.
  Time since last request: 3.603563 seconds.
  path: Assets/Graphics/FX/Arcane/Arcane_Ball/energyBallImpact.png
  artifactKey: Guid(e50a1cfe2f5606c4fbcf93164b36ea9a) Importer(815301076,1909f56bfc062723c751e8b465ee728b)
Start importing Assets/Graphics/FX/Arcane/Arcane_Ball/energyBallImpact.png using Guid(e50a1cfe2f5606c4fbcf93164b36ea9a) Importer(815301076,1909f56bfc062723c751e8b465ee728b) [PhysX] Initialized MultithreadedTaskDispatcher with 20 workers.
[PhysX] Initialized MultithreadedTaskDispatcher with 20 workers.
 -> (artifact id: '41f7a07591bf2ca3838cd103781e4ab0') in 0.030029 seconds
Number of updated asset objects reloaded before import = 0
Number of asset objects unloaded after import = 10
========================================================================
Received Import Request.
  Time since last request: 0.364585 seconds.
  path: Assets/Graphics/FX/Arcane/Arcane_Bolt/bolt2.png
  artifactKey: Guid(43ef486395911984991d6188abbb9eb2) Importer(815301076,1909f56bfc062723c751e8b465ee728b)
Start importing Assets/Graphics/FX/Arcane/Arcane_Bolt/bolt2.png using Guid(43ef486395911984991d6188abbb9eb2) Importer(815301076,1909f56bfc062723c751e8b465ee728b) [PhysX] Initialized MultithreadedTaskDispatcher with 20 workers.
[PhysX] Initialized MultithreadedTaskDispatcher with 20 workers.
 -> (artifact id: '7ae9cc56f311624592ae839807db0ef2') in 0.012483 seconds
Number of updated asset objects reloaded before import = 0
Number of asset objects unloaded after import = 3
========================================================================
Received Import Request.
  Time since last request: 0.292368 seconds.
  path: Assets/Graphics/FX/Arcane/Arcane_Charged_Bolt/charged2.png
  artifactKey: Guid(a3b078e544772f34398b03f59fb3de44) Importer(815301076,1909f56bfc062723c751e8b465ee728b)
Start importing Assets/Graphics/FX/Arcane/Arcane_Charged_Bolt/charged2.png using Guid(a3b078e544772f34398b03f59fb3de44) Importer(815301076,1909f56bfc062723c751e8b465ee728b) [PhysX] Initialized MultithreadedTaskDispatcher with 20 workers.
[PhysX] Initialized MultithreadedTaskDispatcher with 20 workers.
 -> (artifact id: '4e041ecf8769b04933a5c1df320420cb') in 0.010998 seconds
Number of updated asset objects reloaded before import = 0
Number of asset objects unloaded after import = 3
========================================================================
Received Import Request.
  Time since last request: 0.000023 seconds.
  path: Assets/Graphics/FX/Arcane/Arcane_Charged_Bolt/charged5.png
  artifactKey: Guid(007dbbe25d6ab3d47aef2fd9f9f90d8b) Importer(815301076,1909f56bfc062723c751e8b465ee728b)
Start importing Assets/Graphics/FX/Arcane/Arcane_Charged_Bolt/charged5.png using Guid(007dbbe25d6ab3d47aef2fd9f9f90d8b) Importer(815301076,1909f56bfc062723c751e8b465ee728b) [PhysX] Initialized MultithreadedTaskDispatcher with 20 workers.
[PhysX] Initialized MultithreadedTaskDispatcher with 20 workers.
 -> (artifact id: '35aca6828591d14cbf9e7bf6367dc3b5') in 0.007023 seconds
Number of updated asset objects reloaded before import = 0
Number of asset objects unloaded after import = 3
========================================================================
Received Import Request.
  Time since last request: 0.790412 seconds.
  path: Assets/Graphics/FX/Fire/Line of fire.png
  artifactKey: Guid(ace8225472623ed418a7113a1f25c408) Importer(815301076,1909f56bfc062723c751e8b465ee728b)
Start importing Assets/Graphics/FX/Fire/Line of fire.png using Guid(ace8225472623ed418a7113a1f25c408) Importer(815301076,1909f56bfc062723c751e8b465ee728b) [PhysX] Initialized MultithreadedTaskDispatcher with 20 workers.
[PhysX] Initialized MultithreadedTaskDispatcher with 20 workers.
 -> (artifact id: '41d0027853b0d42a289ad2bd05731ffe') in 0.016047 seconds
Number of updated asset objects reloaded before import = 0
Number of asset objects unloaded after import = 3
========================================================================
Received Import Request.
  Time since last request: 2.053248 seconds.
  path: Assets/Graphics/FX/Hit/Hits_0/SP103_02.png
  artifactKey: Guid(a7024e838552ffd41b3935e96995a636) Importer(815301076,1909f56bfc062723c751e8b465ee728b)
Start importing Assets/Graphics/FX/Hit/Hits_0/SP103_02.png using Guid(a7024e838552ffd41b3935e96995a636) Importer(815301076,1909f56bfc062723c751e8b465ee728b) [PhysX] Initialized MultithreadedTaskDispatcher with 20 workers.
[PhysX] Initialized MultithreadedTaskDispatcher with 20 workers.
 -> (artifact id: '93197ca9b29a8f0e8e58b2427ca2d051') in 0.007884 seconds
Number of updated asset objects reloaded before import = 0
Number of asset objects unloaded after import = 3
========================================================================
Received Import Request.
  Time since last request: 0.517553 seconds.
  path: Assets/Graphics/FX/Hit/Hits_1/hits-1-2.png
  artifactKey: Guid(4776ff8e7cd97c249b8418231f9c0f1e) Importer(815301076,1909f56bfc062723c751e8b465ee728b)
Start importing Assets/Graphics/FX/Hit/Hits_1/hits-1-2.png using Guid(4776ff8e7cd97c249b8418231f9c0f1e) Importer(815301076,1909f56bfc062723c751e8b465ee728b) [PhysX] Initialized MultithreadedTaskDispatcher with 20 workers.
[PhysX] Initialized MultithreadedTaskDispatcher with 20 workers.
 -> (artifact id: 'e057b76584d9993f7fdff8e95eaf17a5') in 0.004390 seconds
Number of updated asset objects reloaded before import = 0
Number of asset objects unloaded after import = 3
========================================================================
Received Import Request.
  Time since last request: 1.423656 seconds.
  path: Assets/Graphics/FX/Hit/Hits_7/FX024_2.png
  artifactKey: Guid(0b8de4022280c7044bc25c91c09ccc44) Importer(815301076,1909f56bfc062723c751e8b465ee728b)
Start importing Assets/Graphics/FX/Hit/Hits_7/FX024_2.png using Guid(0b8de4022280c7044bc25c91c09ccc44) Importer(815301076,1909f56bfc062723c751e8b465ee728b) [PhysX] Initialized MultithreadedTaskDispatcher with 20 workers.
[PhysX] Initialized MultithreadedTaskDispatcher with 20 workers.
 -> (artifact id: '354d8b30a2b358a3a2fcdd9d5e99736a') in 0.007677 seconds
Number of updated asset objects reloaded before import = 0
Number of asset objects unloaded after import = 3
========================================================================
Received Import Request.
  Time since last request: 0.000018 seconds.
  path: Assets/Graphics/FX/Hit/Hits_7/FX024_5.png
  artifactKey: Guid(7927c3b1cb797d648a8c37d03f78b47f) Importer(815301076,1909f56bfc062723c751e8b465ee728b)
Start importing Assets/Graphics/FX/Hit/Hits_7/FX024_5.png using Guid(7927c3b1cb797d648a8c37d03f78b47f) Importer(815301076,1909f56bfc062723c751e8b465ee728b) [PhysX] Initialized MultithreadedTaskDispatcher with 20 workers.
[PhysX] Initialized MultithreadedTaskDispatcher with 20 workers.
 -> (artifact id: '0be9309f43d4e340a7754cf73054f968') in 0.008265 seconds
Number of updated asset objects reloaded before import = 0
Number of asset objects unloaded after import = 3
========================================================================
Received Import Request.
  Time since last request: 0.340722 seconds.
  path: Assets/Graphics/FX/Hit/Hits_6/hits-6-preview2.png
  artifactKey: Guid(ac31f46bb450425468f88072baada0a2) Importer(815301076,1909f56bfc062723c751e8b465ee728b)
Start importing Assets/Graphics/FX/Hit/Hits_6/hits-6-preview2.png using Guid(ac31f46bb450425468f88072baada0a2) Importer(815301076,1909f56bfc062723c751e8b465ee728b) [PhysX] Initialized MultithreadedTaskDispatcher with 20 workers.
[PhysX] Initialized MultithreadedTaskDispatcher with 20 workers.
 -> (artifact id: '919306c4d942a6f62c9ced96fe1730c2') in 0.004952 seconds
Number of updated asset objects reloaded before import = 0
Number of asset objects unloaded after import = 3
========================================================================
Received Import Request.
  Time since last request: 0.000017 seconds.
  path: Assets/Graphics/FX/Hit/Hits_6/hits-6-preview5.png
  artifactKey: Guid(22112140d0b793947ac6c63e42b4df3d) Importer(815301076,1909f56bfc062723c751e8b465ee728b)
Start importing Assets/Graphics/FX/Hit/Hits_6/hits-6-preview5.png using Guid(22112140d0b793947ac6c63e42b4df3d) Importer(815301076,1909f56bfc062723c751e8b465ee728b) [PhysX] Initialized MultithreadedTaskDispatcher with 20 workers.
[PhysX] Initialized MultithreadedTaskDispatcher with 20 workers.
 -> (artifact id: 'e1155f1bb1711997ad709d1548cb1b55') in 0.011091 seconds
Number of updated asset objects reloaded before import = 0
Number of asset objects unloaded after import = 3
========================================================================
Received Import Request.
  Time since last request: 0.321932 seconds.
  path: Assets/Graphics/FX/Hit/hits_4/hits-4-2.png
  artifactKey: Guid(9b43a20e857583f45b2521e2f724b7eb) Importer(815301076,1909f56bfc062723c751e8b465ee728b)
Start importing Assets/Graphics/FX/Hit/hits_4/hits-4-2.png using Guid(9b43a20e857583f45b2521e2f724b7eb) Importer(815301076,1909f56bfc062723c751e8b465ee728b) [PhysX] Initialized MultithreadedTaskDispatcher with 20 workers.
[PhysX] Initialized MultithreadedTaskDispatcher with 20 workers.
 -> (artifact id: 'b62b53aab6d86821863ce5bbb527e630') in 0.005594 seconds
Number of updated asset objects reloaded before import = 0
Number of asset objects unloaded after import = 3
========================================================================
Received Import Request.
  Time since last request: 0.000020 seconds.
  path: Assets/Graphics/FX/Hit/hits_4/hits-4-5.png
  artifactKey: Guid(05128f98536341f499f280396e65854c) Importer(815301076,1909f56bfc062723c751e8b465ee728b)
Start importing Assets/Graphics/FX/Hit/hits_4/hits-4-5.png using Guid(05128f98536341f499f280396e65854c) Importer(815301076,1909f56bfc062723c751e8b465ee728b) [PhysX] Initialized MultithreadedTaskDispatcher with 20 workers.
[PhysX] Initialized MultithreadedTaskDispatcher with 20 workers.
 -> (artifact id: 'ad58eb799fa344990555f2903c9e9e8a') in 0.006529 seconds
Number of updated asset objects reloaded before import = 0
Number of asset objects unloaded after import = 3
========================================================================
Received Import Request.
  Time since last request: 0.354615 seconds.
  path: Assets/Graphics/FX/Hit/Hits_3/hits-3-2.png
  artifactKey: Guid(0b12aade962e52a42808a4c1271dc7eb) Importer(815301076,1909f56bfc062723c751e8b465ee728b)
Start importing Assets/Graphics/FX/Hit/Hits_3/hits-3-2.png using Guid(0b12aade962e52a42808a4c1271dc7eb) Importer(815301076,1909f56bfc062723c751e8b465ee728b) [PhysX] Initialized MultithreadedTaskDispatcher with 20 workers.
[PhysX] Initialized MultithreadedTaskDispatcher with 20 workers.
 -> (artifact id: '1360420d4fcc479eb8ca6bf8da06651f') in 0.007712 seconds
Number of updated asset objects reloaded before import = 0
Number of asset objects unloaded after import = 3
========================================================================
Received Import Request.
  Time since last request: 1.576988 seconds.
  path: Assets/Graphics/FX/Hit/Hits_2/hits-2-2.png
  artifactKey: Guid(8611a113538ac9946b11a35e465250a4) Importer(815301076,1909f56bfc062723c751e8b465ee728b)
Start importing Assets/Graphics/FX/Hit/Hits_2/hits-2-2.png using Guid(8611a113538ac9946b11a35e465250a4) Importer(815301076,1909f56bfc062723c751e8b465ee728b) [PhysX] Initialized MultithreadedTaskDispatcher with 20 workers.
[PhysX] Initialized MultithreadedTaskDispatcher with 20 workers.
 -> (artifact id: 'eacbd1b728c609d242f7a3d4abf65c99') in 0.005657 seconds
Number of updated asset objects reloaded before import = 0
Number of asset objects unloaded after import = 3
========================================================================
Received Import Request.
  Time since last request: 0.000022 seconds.
  path: Assets/Graphics/FX/Hit/Hits_2/hits-2-6.png
  artifactKey: Guid(2bbcc765f4565b742bb906eff9762e18) Importer(815301076,1909f56bfc062723c751e8b465ee728b)
Start importing Assets/Graphics/FX/Hit/Hits_2/hits-2-6.png using Guid(2bbcc765f4565b742bb906eff9762e18) Importer(815301076,1909f56bfc062723c751e8b465ee728b) [PhysX] Initialized MultithreadedTaskDispatcher with 20 workers.
[PhysX] Initialized MultithreadedTaskDispatcher with 20 workers.
 -> (artifact id: '7bd712d46289e7a90132441c51109ac0') in 0.004029 seconds
Number of updated asset objects reloaded before import = 0
Number of asset objects unloaded after import = 3
========================================================================
Received Import Request.
  Time since last request: 2.091410 seconds.
  path: Assets/Graphics/FX/Ice_Fire_Projectole/crossed2.png
  artifactKey: Guid(fb3a2d00864850749809a0562c5872d6) Importer(815301076,1909f56bfc062723c751e8b465ee728b)
Start importing Assets/Graphics/FX/Ice_Fire_Projectole/crossed2.png using Guid(fb3a2d00864850749809a0562c5872d6) Importer(815301076,1909f56bfc062723c751e8b465ee728b) [PhysX] Initialized MultithreadedTaskDispatcher with 20 workers.
[PhysX] Initialized MultithreadedTaskDispatcher with 20 workers.
 -> (artifact id: 'c20f184af0079be671d5499d4139ca5e') in 0.005588 seconds
Number of updated asset objects reloaded before import = 0
Number of asset objects unloaded after import = 3
========================================================================
Received Import Request.
  Time since last request: 0.000013 seconds.
  path: Assets/Graphics/FX/Ice_Fire_Projectole/crossed5.png
  artifactKey: Guid(23b2f779c57706942a00bce63f48640f) Importer(815301076,1909f56bfc062723c751e8b465ee728b)
Start importing Assets/Graphics/FX/Ice_Fire_Projectole/crossed5.png using Guid(23b2f779c57706942a00bce63f48640f) Importer(815301076,1909f56bfc062723c751e8b465ee728b) [PhysX] Initialized MultithreadedTaskDispatcher with 20 workers.
[PhysX] Initialized MultithreadedTaskDispatcher with 20 workers.
 -> (artifact id: '22972b660e0331cb729b93ebbccfcd7a') in 0.006799 seconds
Number of updated asset objects reloaded before import = 0
Number of asset objects unloaded after import = 3
========================================================================
Received Import Request.
  Time since last request: 1.042348 seconds.
  path: Assets/Graphics/FX/MiniTornado/SFX401_02.png
  artifactKey: Guid(eb9e09896206f554db99a35132fa3a26) Importer(815301076,1909f56bfc062723c751e8b465ee728b)
Start importing Assets/Graphics/FX/MiniTornado/SFX401_02.png using Guid(eb9e09896206f554db99a35132fa3a26) Importer(815301076,1909f56bfc062723c751e8b465ee728b) [PhysX] Initialized MultithreadedTaskDispatcher with 20 workers.
[PhysX] Initialized MultithreadedTaskDispatcher with 20 workers.
 -> (artifact id: 'ccaba17221f250ae45be1f24780df62b') in 0.005437 seconds
Number of updated asset objects reloaded before import = 0
Number of asset objects unloaded after import = 3
========================================================================
Received Import Request.
  Time since last request: 0.000018 seconds.
  path: Assets/Graphics/FX/MiniTornado/SFX401_06.png
  artifactKey: Guid(eda3ffee53b2d2940bafeb2250e746e5) Importer(815301076,1909f56bfc062723c751e8b465ee728b)
Start importing Assets/Graphics/FX/MiniTornado/SFX401_06.png using Guid(eda3ffee53b2d2940bafeb2250e746e5) Importer(815301076,1909f56bfc062723c751e8b465ee728b) [PhysX] Initialized MultithreadedTaskDispatcher with 20 workers.
[PhysX] Initialized MultithreadedTaskDispatcher with 20 workers.
 -> (artifact id: '50fb89a36f427084131ca88870577671') in 0.010824 seconds
Number of updated asset objects reloaded before import = 0
Number of asset objects unloaded after import = 3
========================================================================
Received Import Request.
  Time since last request: 2.377644 seconds.
  path: Assets/Graphics/FX/Thunder/Thunder Splash/Thunder splash wo blur.png
  artifactKey: Guid(14993075ac498e44cb633d353ea2703e) Importer(815301076,1909f56bfc062723c751e8b465ee728b)
Start importing Assets/Graphics/FX/Thunder/Thunder Splash/Thunder splash wo blur.png using Guid(14993075ac498e44cb633d353ea2703e) Importer(815301076,1909f56bfc062723c751e8b465ee728b) [PhysX] Initialized MultithreadedTaskDispatcher with 20 workers.
[PhysX] Initialized MultithreadedTaskDispatcher with 20 workers.
 -> (artifact id: '8e12f04751d3b13a926db37d6d1c0bc3') in 0.004627 seconds
Number of updated asset objects reloaded before import = 0
Number of asset objects unloaded after import = 3
========================================================================
Received Import Request.
  Time since last request: 0.407509 seconds.
  path: Assets/Graphics/FX/Thunder/Thunder Strike/Thunderstrike wo blur.png
  artifactKey: Guid(9c80e2731ce8c0d4c9d1fa0b402c524a) Importer(815301076,1909f56bfc062723c751e8b465ee728b)
Start importing Assets/Graphics/FX/Thunder/Thunder Strike/Thunderstrike wo blur.png using Guid(9c80e2731ce8c0d4c9d1fa0b402c524a) Importer(815301076,1909f56bfc062723c751e8b465ee728b) [PhysX] Initialized MultithreadedTaskDispatcher with 20 workers.
[PhysX] Initialized MultithreadedTaskDispatcher with 20 workers.
 -> (artifact id: 'b0ddfda17da917c30e028de662ee9a02') in 0.025909 seconds
Number of updated asset objects reloaded before import = 0
Number of asset objects unloaded after import = 14
========================================================================
Received Import Request.
  Time since last request: 3.098923 seconds.
  path: Assets/Graphics/FX/Void_Backlight/renwubaij_2.png
  artifactKey: Guid(d4b105e46a065154db97ffba36b59018) Importer(815301076,1909f56bfc062723c751e8b465ee728b)
Start importing Assets/Graphics/FX/Void_Backlight/renwubaij_2.png using Guid(d4b105e46a065154db97ffba36b59018) Importer(815301076,1909f56bfc062723c751e8b465ee728b) [PhysX] Initialized MultithreadedTaskDispatcher with 20 workers.
[PhysX] Initialized MultithreadedTaskDispatcher with 20 workers.
 -> (artifact id: '02a51cacd2e2406301ae9f473aece7a6') in 0.015171 seconds
Number of updated asset objects reloaded before import = 0
Number of asset objects unloaded after import = 3
========================================================================
Received Import Request.
  Time since last request: 0.004974 seconds.
  path: Assets/Graphics/FX/Void_Backlight/renwubaij_16.png
  artifactKey: Guid(0c4fb954f24cb9c40899d1ba7530c680) Importer(815301076,1909f56bfc062723c751e8b465ee728b)
Start importing Assets/Graphics/FX/Void_Backlight/renwubaij_16.png using Guid(0c4fb954f24cb9c40899d1ba7530c680) Importer(815301076,1909f56bfc062723c751e8b465ee728b) [PhysX] Initialized MultithreadedTaskDispatcher with 20 workers.
[PhysX] Initialized MultithreadedTaskDispatcher with 20 workers.
 -> (artifact id: '3d0a89f99212f050bc3edda186f94d82') in 0.027995 seconds
Number of updated asset objects reloaded before import = 0
Number of asset objects unloaded after import = 3
========================================================================
Received Import Request.
  Time since last request: 0.000023 seconds.
  path: Assets/Graphics/FX/Void_Backlight/renwubaij_20.png
  artifactKey: Guid(277b82bd2ab46e240ab2fcbdd18ff279) Importer(815301076,1909f56bfc062723c751e8b465ee728b)
Start importing Assets/Graphics/FX/Void_Backlight/renwubaij_20.png using Guid(277b82bd2ab46e240ab2fcbdd18ff279) Importer(815301076,1909f56bfc062723c751e8b465ee728b) [PhysX] Initialized MultithreadedTaskDispatcher with 20 workers.
[PhysX] Initialized MultithreadedTaskDispatcher with 20 workers.
 -> (artifact id: '4f292700d7b80e6851d40f489f0d6f93') in 0.018301 seconds
Number of updated asset objects reloaded before import = 0
Number of asset objects unloaded after import = 3
========================================================================
Received Import Request.
  Time since last request: 0.505507 seconds.
  path: Assets/Graphics/FX/Void_Backlight/renwubaij_24.png
  artifactKey: Guid(db900cec022e17e4385647c50c13c054) Importer(815301076,1909f56bfc062723c751e8b465ee728b)
Start importing Assets/Graphics/FX/Void_Backlight/renwubaij_24.png using Guid(db900cec022e17e4385647c50c13c054) Importer(815301076,1909f56bfc062723c751e8b465ee728b) [PhysX] Initialized MultithreadedTaskDispatcher with 20 workers.
[PhysX] Initialized MultithreadedTaskDispatcher with 20 workers.
 -> (artifact id: 'b6e5e59ae01f796438cccc092069639e') in 0.022495 seconds
Number of updated asset objects reloaded before import = 0
Number of asset objects unloaded after import = 3
========================================================================
Received Import Request.
  Time since last request: 0.013248 seconds.
  path: Assets/Graphics/FX/Void_Backlight/renwubaij_28.png
  artifactKey: Guid(2fa0758a560995b47be88c80e0df9ddd) Importer(815301076,1909f56bfc062723c751e8b465ee728b)
Start importing Assets/Graphics/FX/Void_Backlight/renwubaij_28.png using Guid(2fa0758a560995b47be88c80e0df9ddd) Importer(815301076,1909f56bfc062723c751e8b465ee728b) [PhysX] Initialized MultithreadedTaskDispatcher with 20 workers.
[PhysX] Initialized MultithreadedTaskDispatcher with 20 workers.
 -> (artifact id: 'a50fe504dc7643d9940b4ed05d6d5820') in 0.016163 seconds
Number of updated asset objects reloaded before import = 0
Number of asset objects unloaded after import = 3
========================================================================
Received Import Request.
  Time since last request: 18.916572 seconds.
  path: Assets/Graphics/Surroundings/Medieval_Castle/Decorations/Animated Decorations/chest/chest_2.png
  artifactKey: Guid(05bc7116687e3984890d7173b292c74a) Importer(815301076,1909f56bfc062723c751e8b465ee728b)
Start importing Assets/Graphics/Surroundings/Medieval_Castle/Decorations/Animated Decorations/chest/chest_2.png using Guid(05bc7116687e3984890d7173b292c74a) Importer(815301076,1909f56bfc062723c751e8b465ee728b) [PhysX] Initialized MultithreadedTaskDispatcher with 20 workers.
[PhysX] Initialized MultithreadedTaskDispatcher with 20 workers.
 -> (artifact id: '5d5f0c0249f3ff82d314c6dbde98d665') in 0.006543 seconds
Number of updated asset objects reloaded before import = 0
Number of asset objects unloaded after import = 3
Editor requested this worker to shutdown with reason: Scaling down because of idle timeout
TcpMessagingSession - receive error: operation aborted. errorcode: 995, details:  I/O 
AssetImportWorker is now disconnected from the server
Process exiting
Exiting without the bug reporter. Application will terminate with return code 0